mode: atomic
github.com/pablomonte/bgp-daemon/cmd/bgp-daemon/main.go:33.13,51.12 14 0
github.com/pablomonte/bgp-daemon/cmd/bgp-daemon/main.go:51.12,53.64 2 0
github.com/pablomonte/bgp-daemon/cmd/bgp-daemon/main.go:53.64,55.4 1 0
github.com/pablomonte/bgp-daemon/cmd/bgp-daemon/main.go:57.2,67.12 7 0
github.com/pablomonte/bgp-daemon/cmd/bgp-daemon/main.go:67.12,72.3 4 0
github.com/pablomonte/bgp-daemon/cmd/bgp-daemon/main.go:75.2,80.16 3 0
github.com/pablomonte/bgp-daemon/cmd/bgp-daemon/main.go:80.16,82.3 1 0
github.com/pablomonte/bgp-daemon/cmd/bgp-daemon/main.go:83.2,96.16 9 0
github.com/pablomonte/bgp-daemon/cmd/bgp-daemon/main.go:96.16,100.3 3 0
github.com/pablomonte/bgp-daemon/cmd/bgp-daemon/main.go:100.8,103.25 2 0
github.com/pablomonte/bgp-daemon/cmd/bgp-daemon/main.go:103.25,105.4 1 0
github.com/pablomonte/bgp-daemon/cmd/bgp-daemon/main.go:105.9,107.4 1 0
github.com/pablomonte/bgp-daemon/cmd/bgp-daemon/main.go:111.2,113.58 3 0
github.com/pablomonte/bgp-daemon/cmd/bgp-daemon/main.go:113.58,123.25 4 0
github.com/pablomonte/bgp-daemon/cmd/bgp-daemon/main.go:123.25,125.18 2 0
github.com/pablomonte/bgp-daemon/cmd/bgp-daemon/main.go:125.18,127.70 2 0
github.com/pablomonte/bgp-daemon/cmd/bgp-daemon/main.go:127.70,129.6 1 0
github.com/pablomonte/bgp-daemon/cmd/bgp-daemon/main.go:129.11,131.6 1 0
github.com/pablomonte/bgp-daemon/cmd/bgp-daemon/main.go:132.10,134.5 1 0
github.com/pablomonte/bgp-daemon/cmd/bgp-daemon/main.go:135.9,137.4 1 0
github.com/pablomonte/bgp-daemon/cmd/bgp-daemon/main.go:138.8,141.3 2 0
github.com/pablomonte/bgp-daemon/cmd/bgp-daemon/main.go:144.2,147.16 4 0
github.com/pablomonte/bgp-daemon/cmd/bgp-daemon/main.go:147.16,149.3 1 0
github.com/pablomonte/bgp-daemon/cmd/bgp-daemon/main.go:149.8,152.3 2 0
github.com/pablomonte/bgp-daemon/cmd/bgp-daemon/main.go:155.2,157.82 3 0
github.com/pablomonte/bgp-daemon/cmd/bgp-daemon/main.go:157.82,160.15 3 0
github.com/pablomonte/bgp-daemon/cmd/bgp-daemon/main.go:160.15,161.31 1 0
github.com/pablomonte/bgp-daemon/cmd/bgp-daemon/main.go:161.31,163.5 1 0
github.com/pablomonte/bgp-daemon/cmd/bgp-daemon/main.go:167.2,173.16 5 0
github.com/pablomonte/bgp-daemon/cmd/bgp-daemon/main.go:173.16,175.3 1 0
github.com/pablomonte/bgp-daemon/cmd/bgp-daemon/main.go:175.8,177.15 2 0
github.com/pablomonte/bgp-daemon/cmd/bgp-daemon/main.go:177.15,178.31 1 0
github.com/pablomonte/bgp-daemon/cmd/bgp-daemon/main.go:178.31,180.5 1 0
github.com/pablomonte/bgp-daemon/cmd/bgp-daemon/main.go:185.2,188.16 4 0
github.com/pablomonte/bgp-daemon/cmd/bgp-daemon/main.go:188.16,190.3 1 0
github.com/pablomonte/bgp-daemon/cmd/bgp-daemon/main.go:190.8,194.31 3 0
github.com/pablomonte/bgp-daemon/cmd/bgp-daemon/main.go:194.31,196.58 2 0
github.com/pablomonte/bgp-daemon/cmd/bgp-daemon/main.go:196.58,198.13 2 0
github.com/pablomonte/bgp-daemon/cmd/bgp-daemon/main.go:201.4,201.23 1 0
github.com/pablomonte/bgp-daemon/cmd/bgp-daemon/main.go:201.23,203.13 2 0
github.com/pablomonte/bgp-daemon/cmd/bgp-daemon/main.go:206.4,209.33 2 0
github.com/pablomonte/bgp-daemon/cmd/bgp-daemon/main.go:209.33,210.17 1 0
github.com/pablomonte/bgp-daemon/cmd/bgp-daemon/main.go:210.17,212.6 1 0
github.com/pablomonte/bgp-daemon/cmd/bgp-daemon/main.go:213.5,213.13 1 0
github.com/pablomonte/bgp-daemon/cmd/bgp-daemon/main.go:217.4,217.57 1 0
github.com/pablomonte/bgp-daemon/cmd/bgp-daemon/main.go:217.57,219.5 1 0
github.com/pablomonte/bgp-daemon/cmd/bgp-daemon/main.go:219.10,222.17 3 0
github.com/pablomonte/bgp-daemon/cmd/bgp-daemon/main.go:222.17,224.6 1 0
github.com/pablomonte/bgp-daemon/cmd/bgp-daemon/main.go:228.3,231.25 2 0
github.com/pablomonte/bgp-daemon/cmd/bgp-daemon/main.go:231.25,233.65 2 0
github.com/pablomonte/bgp-daemon/cmd/bgp-daemon/main.go:233.65,235.5 1 0
github.com/pablomonte/bgp-daemon/cmd/bgp-daemon/main.go:235.10,237.5 1 0
github.com/pablomonte/bgp-daemon/cmd/bgp-daemon/main.go:241.3,241.22 1 0
github.com/pablomonte/bgp-daemon/cmd/bgp-daemon/main.go:241.22,243.47 2 0
github.com/pablomonte/bgp-daemon/cmd/bgp-daemon/main.go:243.47,245.5 1 0
github.com/pablomonte/bgp-daemon/cmd/bgp-daemon/main.go:245.10,247.5 1 0
github.com/pablomonte/bgp-daemon/cmd/bgp-daemon/main.go:252.2,261.6 7 0
github.com/pablomonte/bgp-daemon/cmd/bgp-daemon/main.go:261.6,262.10 1 0
github.com/pablomonte/bgp-daemon/cmd/bgp-daemon/main.go:263.21,265.10 2 0
github.com/pablomonte/bgp-daemon/cmd/bgp-daemon/main.go:267.33,268.30 1 0
github.com/pablomonte/bgp-daemon/cmd/bgp-daemon/main.go:268.30,271.13 3 0
github.com/pablomonte/bgp-daemon/cmd/bgp-daemon/main.go:274.4,274.43 1 0
github.com/pablomonte/bgp-daemon/cmd/bgp-daemon/main.go:274.43,277.23 2 0
github.com/pablomonte/bgp-daemon/cmd/bgp-daemon/main.go:278.32,283.66 3 0
github.com/pablomonte/bgp-daemon/cmd/bgp-daemon/main.go:283.66,286.15 3 0
github.com/pablomonte/bgp-daemon/cmd/bgp-daemon/main.go:289.6,289.25 1 0
github.com/pablomonte/bgp-daemon/cmd/bgp-daemon/main.go:289.25,292.15 3 0
github.com/pablomonte/bgp-daemon/cmd/bgp-daemon/main.go:295.6,295.18 1 0
github.com/pablomonte/bgp-daemon/cmd/bgp-daemon/main.go:295.18,297.7 1 0
github.com/pablomonte/bgp-daemon/cmd/bgp-daemon/main.go:300.6,301.59 2 0
github.com/pablomonte/bgp-daemon/cmd/bgp-daemon/main.go:301.59,304.15 3 0
github.com/pablomonte/bgp-daemon/cmd/bgp-daemon/main.go:306.6,311.20 4 0
github.com/pablomonte/bgp-daemon/cmd/bgp-daemon/main.go:311.20,313.35 2 0
github.com/pablomonte/bgp-daemon/cmd/bgp-daemon/main.go:313.35,316.59 2 0
github.com/pablomonte/bgp-daemon/cmd/bgp-daemon/main.go:316.59,318.9 1 0
github.com/pablomonte/bgp-daemon/cmd/bgp-daemon/main.go:320.7,320.68 1 0
github.com/pablomonte/bgp-daemon/cmd/bgp-daemon/main.go:320.68,322.8 1 0
github.com/pablomonte/bgp-daemon/cmd/bgp-daemon/main.go:326.6,327.49 2 0
github.com/pablomonte/bgp-daemon/cmd/bgp-daemon/main.go:327.49,330.7 2 0
github.com/pablomonte/bgp-daemon/cmd/bgp-daemon/main.go:330.12,334.7 3 0
github.com/pablomonte/bgp-daemon/cmd/bgp-daemon/main.go:336.35,341.31 3 0
github.com/pablomonte/bgp-daemon/cmd/bgp-daemon/main.go:341.31,344.15 3 0
github.com/pablomonte/bgp-daemon/cmd/bgp-daemon/main.go:347.6,350.72 2 0
github.com/pablomonte/bgp-daemon/cmd/bgp-daemon/main.go:350.72,353.15 3 0
github.com/pablomonte/bgp-daemon/cmd/bgp-daemon/main.go:355.6,359.20 3 0
github.com/pablomonte/bgp-daemon/cmd/bgp-daemon/main.go:359.20,361.35 2 0
github.com/pablomonte/bgp-daemon/cmd/bgp-daemon/main.go:361.35,364.59 2 0
github.com/pablomonte/bgp-daemon/cmd/bgp-daemon/main.go:364.59,366.9 1 0
github.com/pablomonte/bgp-daemon/cmd/bgp-daemon/main.go:368.7,368.68 1 0
github.com/pablomonte/bgp-daemon/cmd/bgp-daemon/main.go:368.68,370.8 1 0
github.com/pablomonte/bgp-daemon/cmd/bgp-daemon/main.go:374.6,375.49 2 0
github.com/pablomonte/bgp-daemon/cmd/bgp-daemon/main.go:375.49,378.7 2 0
github.com/pablomonte/bgp-daemon/cmd/bgp-daemon/main.go:378.12,382.7 3 0
github.com/pablomonte/bgp-daemon/cmd/bgp-daemon/main.go:393.48,395.20 2 0
github.com/pablomonte/bgp-daemon/cmd/bgp-daemon/main.go:395.20,397.3 1 0
github.com/pablomonte/bgp-daemon/cmd/bgp-daemon/main.go:398.2,398.11 1 0
github.com/pablomonte/bgp-daemon/pkg/types/types.go:16.31,18.26 2 7
github.com/pablomonte/bgp-daemon/pkg/types/types.go:18.26,20.3 1 2
github.com/pablomonte/bgp-daemon/pkg/types/types.go:22.2,23.41 1 7
github.com/pablomonte/bgp-daemon/pkg/types/types.go:27.30,29.2 1 10
github.com/pablomonte/bgp-daemon/pkg/tinc/manager.go:28.42,37.2 3 3
github.com/pablomonte/bgp-daemon/pkg/tinc/manager.go:40.55,43.20 2 4
github.com/pablomonte/bgp-daemon/pkg/tinc/manager.go:43.20,45.3 1 1
github.com/pablomonte/bgp-daemon/pkg/tinc/manager.go:47.2,51.75 3 3
github.com/pablomonte/bgp-daemon/pkg/tinc/manager.go:51.75,53.3 1 1
github.com/pablomonte/bgp-daemon/pkg/tinc/manager.go:56.2,64.74 2 3
github.com/pablomonte/bgp-daemon/pkg/tinc/manager.go:64.74,66.3 1 0
github.com/pablomonte/bgp-daemon/pkg/tinc/manager.go:68.2,68.12 1 3
github.com/pablomonte/bgp-daemon/pkg/tinc/manager.go:72.57,75.71 2 2
github.com/pablomonte/bgp-daemon/pkg/tinc/manager.go:75.71,77.3 1 0
github.com/pablomonte/bgp-daemon/pkg/tinc/manager.go:79.2,79.12 1 2
github.com/pablomonte/bgp-daemon/pkg/tinc/manager.go:83.34,87.16 3 1
github.com/pablomonte/bgp-daemon/pkg/tinc/manager.go:87.16,89.3 1 1
github.com/pablomonte/bgp-daemon/pkg/tinc/manager.go:91.2,91.12 1 0
github.com/pablomonte/bgp-daemon/pkg/tinc/manager.go:95.65,99.16 3 4
github.com/pablomonte/bgp-daemon/pkg/tinc/manager.go:99.16,101.3 1 1
github.com/pablomonte/bgp-daemon/pkg/tinc/manager.go:104.2,105.20 2 3
github.com/pablomonte/bgp-daemon/pkg/tinc/manager.go:105.20,107.3 1 1
github.com/pablomonte/bgp-daemon/pkg/tinc/manager.go:109.2,109.41 1 2
github.com/pablomonte/bgp-daemon/pkg/tinc/manager.go:114.61,119.16 3 6
github.com/pablomonte/bgp-daemon/pkg/tinc/manager.go:119.16,121.3 1 1
github.com/pablomonte/bgp-daemon/pkg/tinc/manager.go:124.2,127.29 3 5
github.com/pablomonte/bgp-daemon/pkg/tinc/manager.go:127.29,130.64 2 29
github.com/pablomonte/bgp-daemon/pkg/tinc/manager.go:130.64,132.4 1 17
github.com/pablomonte/bgp-daemon/pkg/tinc/manager.go:136.2,136.37 1 5
github.com/pablomonte/bgp-daemon/pkg/tinc/manager.go:136.37,138.3 1 7
github.com/pablomonte/bgp-daemon/pkg/tinc/manager.go:141.2,144.70 2 5
github.com/pablomonte/bgp-daemon/pkg/tinc/manager.go:144.70,146.3 1 0
github.com/pablomonte/bgp-daemon/pkg/tinc/manager.go:148.2,148.12 1 5
github.com/pablomonte/bgp-daemon/pkg/tinc/manager.go:153.46,156.37 2 13
github.com/pablomonte/bgp-daemon/pkg/tinc/manager.go:156.37,158.21 2 10
github.com/pablomonte/bgp-daemon/pkg/tinc/manager.go:158.21,160.4 1 10
github.com/pablomonte/bgp-daemon/pkg/tinc/manager.go:164.2,166.21 3 3
github.com/pablomonte/bgp-daemon/pkg/tinc/manager.go:166.21,168.3 1 2
github.com/pablomonte/bgp-daemon/pkg/tinc/manager.go:170.2,170.11 1 1
github.com/pablomonte/bgp-daemon/pkg/discovery/mdns.go:15.54,23.12 4 8
github.com/pablomonte/bgp-daemon/pkg/discovery/mdns.go:23.12,34.44 3 8
github.com/pablomonte/bgp-daemon/pkg/discovery/mdns.go:34.44,37.4 1 0
github.com/pablomonte/bgp-daemon/pkg/discovery/mdns.go:41.2,43.6 2 8
github.com/pablomonte/bgp-daemon/pkg/discovery/mdns.go:43.6,44.10 1 9
github.com/pablomonte/bgp-daemon/pkg/discovery/mdns.go:45.21,47.27 1 5
github.com/pablomonte/bgp-daemon/pkg/discovery/mdns.go:49.31,50.11 1 4
github.com/pablomonte/bgp-daemon/pkg/discovery/mdns.go:50.11,53.5 1 3
github.com/pablomonte/bgp-daemon/pkg/discovery/mdns.go:55.4,55.20 1 1
github.com/pablomonte/bgp-daemon/pkg/discovery/mdns.go:55.20,56.13 1 0
github.com/pablomonte/bgp-daemon/pkg/discovery/mdns.go:60.4,66.60 2 1
github.com/pablomonte/bgp-daemon/pkg/discovery/mdns.go:66.60,68.5 1 1
github.com/pablomonte/bgp-daemon/pkg/discovery/mdns.go:70.4,70.31 1 1
github.com/pablomonte/bgp-daemon/pkg/discovery/mdns.go:77.95,94.16 3 5
github.com/pablomonte/bgp-daemon/pkg/discovery/mdns.go:94.16,96.3 1 1
github.com/pablomonte/bgp-daemon/pkg/discovery/mdns.go:99.2,100.16 2 4
github.com/pablomonte/bgp-daemon/pkg/discovery/mdns.go:100.16,102.3 1 0
github.com/pablomonte/bgp-daemon/pkg/discovery/mdns.go:104.2,104.20 1 4
github.com/pablomonte/bgp-daemon/pkg/discovery/mdns.go:109.113,115.6 4 3
github.com/pablomonte/bgp-daemon/pkg/discovery/mdns.go:115.6,116.10 1 8
github.com/pablomonte/bgp-daemon/pkg/discovery/mdns.go:117.21,118.20 1 3
github.com/pablomonte/bgp-daemon/pkg/discovery/mdns.go:120.19,123.18 2 5
github.com/pablomonte/bgp-daemon/pkg/discovery/mdns.go:123.18,125.13 1 3
github.com/pablomonte/bgp-daemon/pkg/discovery/mdns.go:129.4,129.37 1 2
github.com/pablomonte/bgp-daemon/pkg/discovery/mdns.go:129.37,132.5 2 0
github.com/pablomonte/bgp-daemon/pkg/discovery/mdns.go:138.41,139.22 1 10
github.com/pablomonte/bgp-daemon/pkg/discovery/mdns.go:139.22,141.3 1 2
github.com/pablomonte/bgp-daemon/pkg/discovery/mdns.go:144.2,145.25 2 8
github.com/pablomonte/bgp-daemon/pkg/discovery/mdns.go:145.25,147.3 1 6
github.com/pablomonte/bgp-daemon/pkg/discovery/mdns.go:149.2,149.25 1 8
github.com/pablomonte/bgp-daemon/pkg/discovery/mdns.go:149.25,150.27 1 6
github.com/pablomonte/bgp-daemon/pkg/discovery/mdns.go:150.27,152.4 1 1
github.com/pablomonte/bgp-daemon/pkg/discovery/mdns.go:155.2,155.13 1 7
